<?xml version="1.0" encoding="UTF-8"?>
<!-- Generated by org.testng.reporters.JUnitReportReporter -->
<testsuite hostname="enterpi-desktop" name="com.alist.qa.testcases.UserDetailsTest" tests="1" failures="0" timestamp="6 May 2019 06:32:05 GMT" time="7.054" errors="0">
  <testcase name="checkFileUploadTest" time="7.054" classname="com.alist.qa.testcases.UserDetailsTest"/>
</testsuite> <!-- com.alist.qa.testcases.UserDetailsTest -->
