<?xml version="1.0" encoding="UTF-8"?>
<!-- Generated by org.testng.reporters.JUnitReportReporter -->
<testsuite hostname="enterpi-desktop" name="com.alist.qa.testcases.FormatDetailsTest" tests="4" failures="0" timestamp="1 May 2019 14:19:20 GMT" time="19.273" errors="0">
  <testcase name="formatDetailsValidationsTest" time="0.419" classname="com.alist.qa.testcases.FormatDetailsTest"/>
  <testcase name="checkFormatNameTest" time="0.051" classname="com.alist.qa.testcases.FormatDetailsTest"/>
  <testcase name="checkMandatoryFieldsTest" time="0.538" classname="com.alist.qa.testcases.FormatDetailsTest"/>
  <testcase name="checkEditFormatDetailsTest" time="18.265" classname="com.alist.qa.testcases.FormatDetailsTest"/>
</testsuite> <!-- com.alist.qa.testcases.FormatDetailsTest -->
