<?xml version="1.0" encoding="UTF-8"?>
<!-- Generated by org.testng.reporters.JUnitReportReporter -->
<testsuite hostname="enterpi-desktop" name="com.alist.qa.testcases.AllContactsTest" tests="3" failures="0" timestamp="2 May 2019 13:29:26 GMT" time="0.942" errors="0">
  <testcase name="checkPageTitleTest" time="0.031" classname="com.alist.qa.testcases.AllContactsTest"/>
  <testcase name="checkContactColumnsTest" time="0.363" classname="com.alist.qa.testcases.AllContactsTest"/>
  <testcase name="checkPageHeadingAndCountTest" time="0.548" classname="com.alist.qa.testcases.AllContactsTest"/>
</testsuite> <!-- com.alist.qa.testcases.AllContactsTest -->
