<?xml version="1.0" encoding="UTF-8"?>
<!-- Generated by org.testng.reporters.JUnitReportReporter -->
<testsuite hostname="enterpi-desktop" name="com.alist.qa.testcases.LoginTest" tests="3" failures="0" timestamp="1 May 2019 14:19:20 GMT" time="8.297" errors="0">
  <testcase name="validationsTest" time="1.272" classname="com.alist.qa.testcases.LoginTest"/>
  <testcase name="validLoginTest" time="5.293" classname="com.alist.qa.testcases.LoginTest"/>
  <testcase name="invalidUsernameTest" time="1.732" classname="com.alist.qa.testcases.LoginTest"/>
</testsuite> <!-- com.alist.qa.testcases.LoginTest -->
